2025-09-17 20:32:37,499 - INFO - Transformed sucessfully
2025-09-17 20:32:37,596 - INFO - Sample data after removing the non _log columns:
X_train:
        NPA Status_log  RevolvingUtilizationOfUnsecuredLines_log   age_log  ...  NumberOfTime60-89DaysPastDueNotWorse_log  MonthlyIncome_replaced_log  NumberOfDependents_replaced_log
104025             0.0                                  0.329179  3.663562  ...                                  0.000000                    7.824446                         0.000000
5415               0.0                                  0.467204  4.025352  ...                                  0.000000                    7.514255                         0.000000
75612              0.0                                  0.612297  3.555348  ...                                  0.000000                    8.556606                         1.386294
138169             0.0                                  0.330727  3.713572  ...                                  0.000000                    9.105091                         1.791759
87184              0.0                                  0.000000  4.025352  ...                                  0.000000                    7.888710                         0.000000
...                ...                                       ...       ...  ...                                       ...                         ...                              ...
119879             0.0                                  0.003170  3.806662  ...                                  0.000000                    9.210440                         1.386294
103694             0.0                                  0.084063  4.219508  ...                                  0.000000                    8.374246                         0.693147
131932             0.0                                  0.066526  3.912023  ...                                  0.000000                    7.937732                         0.000000
146867             0.0                                  0.198548  3.610918  ...                                  0.000000                    7.313887                         0.000000
121958             0.0                                  0.189008  4.143135  ...                                  0.693147                    9.210440                         0.000000

[120000 rows x 11 columns]
X_test:
        NPA Status_log  RevolvingUtilizationOfUnsecuredLines_log   age_log  ...  NumberOfTime60-89DaysPastDueNotWorse_log  MonthlyIncome_replaced_log  NumberOfDependents_replaced_log
59770              0.0                                  0.693147  3.433987  ...                                       0.0                    9.071193                         0.000000
21362              0.0                                  0.000000  4.060443  ...                                       0.0                    8.955577                         0.000000
127324             0.0                                  0.035916  3.891820  ...                                       0.0                    8.699681                         1.386294
140509             0.0                                  0.702271  3.737670  ...                                       0.0                    8.508959                         0.000000
144297             0.0                                  0.697537  3.912023  ...                                       0.0                    8.117909                         0.000000
...                ...                                       ...       ...  ...                                       ...                         ...                              ...
30430              0.0                                  0.132983  4.060443  ...                                       0.0                    9.510519                         0.000000
63244              0.0                                  0.000000  4.174387  ...                                       0.0                    7.313887                         0.000000
104970             0.0                                  0.429610  3.784190  ...                                       0.0                    9.305741                         0.693147
53960              0.0                                  0.098765  4.025352  ...                                       0.0                    9.239996                         0.000000
49315              0.0                                  0.001371  4.007333  ...                                       0.0                    8.922792                         1.098612

[30000 rows x 11 columns]
2025-09-17 20:33:07,863 - INFO - Transformed sucessfully
2025-09-17 20:33:07,956 - INFO - Sample data after removing the non _log columns:
X_train:
        NPA Status_log  RevolvingUtilizationOfUnsecuredLines_log   age_log  ...  NumberOfTime60-89DaysPastDueNotWorse_log  MonthlyIncome_replaced_log  NumberOfDependents_replaced_log
104025             0.0                                  0.329179  3.663562  ...                                  0.000000                    7.824446                         0.000000
5415               0.0                                  0.467204  4.025352  ...                                  0.000000                    7.514255                         0.000000
75612              0.0                                  0.612297  3.555348  ...                                  0.000000                    8.556606                         1.386294
138169             0.0                                  0.330727  3.713572  ...                                  0.000000                    9.105091                         1.791759
87184              0.0                                  0.000000  4.025352  ...                                  0.000000                    7.888710                         0.000000
...                ...                                       ...       ...  ...                                       ...                         ...                              ...
119879             0.0                                  0.003170  3.806662  ...                                  0.000000                    9.210440                         1.386294
103694             0.0                                  0.084063  4.219508  ...                                  0.000000                    8.374246                         0.693147
131932             0.0                                  0.066526  3.912023  ...                                  0.000000                    7.937732                         0.000000
146867             0.0                                  0.198548  3.610918  ...                                  0.000000                    7.313887                         0.000000
121958             0.0                                  0.189008  4.143135  ...                                  0.693147                    9.210440                         0.000000

[120000 rows x 11 columns]
X_test:
        NPA Status_log  RevolvingUtilizationOfUnsecuredLines_log   age_log  ...  NumberOfTime60-89DaysPastDueNotWorse_log  MonthlyIncome_replaced_log  NumberOfDependents_replaced_log
59770              0.0                                  0.693147  3.433987  ...                                       0.0                    9.071193                         0.000000
21362              0.0                                  0.000000  4.060443  ...                                       0.0                    8.955577                         0.000000
127324             0.0                                  0.035916  3.891820  ...                                       0.0                    8.699681                         1.386294
140509             0.0                                  0.702271  3.737670  ...                                       0.0                    8.508959                         0.000000
144297             0.0                                  0.697537  3.912023  ...                                       0.0                    8.117909                         0.000000
...                ...                                       ...       ...  ...                                       ...                         ...                              ...
30430              0.0                                  0.132983  4.060443  ...                                       0.0                    9.510519                         0.000000
63244              0.0                                  0.000000  4.174387  ...                                       0.0                    7.313887                         0.000000
104970             0.0                                  0.429610  3.784190  ...                                       0.0                    9.305741                         0.693147
53960              0.0                                  0.098765  4.025352  ...                                       0.0                    9.239996                         0.000000
49315              0.0                                  0.001371  4.007333  ...                                       0.0                    8.922792                         1.098612

[30000 rows x 11 columns]
2025-09-17 20:33:17,655 - INFO - Transformed sucessfully
2025-09-17 20:33:17,741 - INFO - Sample data after removing the non _log columns:
X_train:
        NPA Status_log  RevolvingUtilizationOfUnsecuredLines_log   age_log  ...  NumberOfTime60-89DaysPastDueNotWorse_log  MonthlyIncome_replaced_log  NumberOfDependents_replaced_log
104025             0.0                                  0.329179  3.663562  ...                                  0.000000                    7.824446                         0.000000
5415               0.0                                  0.467204  4.025352  ...                                  0.000000                    7.514255                         0.000000
75612              0.0                                  0.612297  3.555348  ...                                  0.000000                    8.556606                         1.386294
138169             0.0                                  0.330727  3.713572  ...                                  0.000000                    9.105091                         1.791759
87184              0.0                                  0.000000  4.025352  ...                                  0.000000                    7.888710                         0.000000
...                ...                                       ...       ...  ...                                       ...                         ...                              ...
119879             0.0                                  0.003170  3.806662  ...                                  0.000000                    9.210440                         1.386294
103694             0.0                                  0.084063  4.219508  ...                                  0.000000                    8.374246                         0.693147
131932             0.0                                  0.066526  3.912023  ...                                  0.000000                    7.937732                         0.000000
146867             0.0                                  0.198548  3.610918  ...                                  0.000000                    7.313887                         0.000000
121958             0.0                                  0.189008  4.143135  ...                                  0.693147                    9.210440                         0.000000

[120000 rows x 11 columns]
X_test:
        NPA Status_log  RevolvingUtilizationOfUnsecuredLines_log   age_log  ...  NumberOfTime60-89DaysPastDueNotWorse_log  MonthlyIncome_replaced_log  NumberOfDependents_replaced_log
59770              0.0                                  0.693147  3.433987  ...                                       0.0                    9.071193                         0.000000
21362              0.0                                  0.000000  4.060443  ...                                       0.0                    8.955577                         0.000000
127324             0.0                                  0.035916  3.891820  ...                                       0.0                    8.699681                         1.386294
140509             0.0                                  0.702271  3.737670  ...                                       0.0                    8.508959                         0.000000
144297             0.0                                  0.697537  3.912023  ...                                       0.0                    8.117909                         0.000000
...                ...                                       ...       ...  ...                                       ...                         ...                              ...
30430              0.0                                  0.132983  4.060443  ...                                       0.0                    9.510519                         0.000000
63244              0.0                                  0.000000  4.174387  ...                                       0.0                    7.313887                         0.000000
104970             0.0                                  0.429610  3.784190  ...                                       0.0                    9.305741                         0.693147
53960              0.0                                  0.098765  4.025352  ...                                       0.0                    9.239996                         0.000000
49315              0.0                                  0.001371  4.007333  ...                                       0.0                    8.922792                         1.098612

[30000 rows x 11 columns]
2025-09-17 20:33:30,696 - INFO - Transformed sucessfully
2025-09-17 20:33:30,821 - INFO - Sample data after removing the non _log columns:
X_train:
        NPA Status_log  RevolvingUtilizationOfUnsecuredLines_log   age_log  ...  NumberOfTime60-89DaysPastDueNotWorse_log  MonthlyIncome_replaced_log  NumberOfDependents_replaced_log
104025             0.0                                  0.329179  3.663562  ...                                  0.000000                    7.824446                         0.000000
5415               0.0                                  0.467204  4.025352  ...                                  0.000000                    7.514255                         0.000000
75612              0.0                                  0.612297  3.555348  ...                                  0.000000                    8.556606                         1.386294
138169             0.0                                  0.330727  3.713572  ...                                  0.000000                    9.105091                         1.791759
87184              0.0                                  0.000000  4.025352  ...                                  0.000000                    7.888710                         0.000000
...                ...                                       ...       ...  ...                                       ...                         ...                              ...
119879             0.0                                  0.003170  3.806662  ...                                  0.000000                    9.210440                         1.386294
103694             0.0                                  0.084063  4.219508  ...                                  0.000000                    8.374246                         0.693147
131932             0.0                                  0.066526  3.912023  ...                                  0.000000                    7.937732                         0.000000
146867             0.0                                  0.198548  3.610918  ...                                  0.000000                    7.313887                         0.000000
121958             0.0                                  0.189008  4.143135  ...                                  0.693147                    9.210440                         0.000000

[120000 rows x 11 columns]
X_test:
        NPA Status_log  RevolvingUtilizationOfUnsecuredLines_log   age_log  ...  NumberOfTime60-89DaysPastDueNotWorse_log  MonthlyIncome_replaced_log  NumberOfDependents_replaced_log
59770              0.0                                  0.693147  3.433987  ...                                       0.0                    9.071193                         0.000000
21362              0.0                                  0.000000  4.060443  ...                                       0.0                    8.955577                         0.000000
127324             0.0                                  0.035916  3.891820  ...                                       0.0                    8.699681                         1.386294
140509             0.0                                  0.702271  3.737670  ...                                       0.0                    8.508959                         0.000000
144297             0.0                                  0.697537  3.912023  ...                                       0.0                    8.117909                         0.000000
...                ...                                       ...       ...  ...                                       ...                         ...                              ...
30430              0.0                                  0.132983  4.060443  ...                                       0.0                    9.510519                         0.000000
63244              0.0                                  0.000000  4.174387  ...                                       0.0                    7.313887                         0.000000
104970             0.0                                  0.429610  3.784190  ...                                       0.0                    9.305741                         0.693147
53960              0.0                                  0.098765  4.025352  ...                                       0.0                    9.239996                         0.000000
49315              0.0                                  0.001371  4.007333  ...                                       0.0                    8.922792                         1.098612

[30000 rows x 11 columns]
2025-09-17 20:33:48,785 - INFO - Transformed sucessfully
2025-09-17 20:33:48,880 - INFO - Sample data after removing the non _log columns:
X_train:
        NPA Status_log  RevolvingUtilizationOfUnsecuredLines_log   age_log  ...  NumberOfTime60-89DaysPastDueNotWorse_log  MonthlyIncome_replaced_log  NumberOfDependents_replaced_log
104025             0.0                                  0.329179  3.663562  ...                                  0.000000                    7.824446                         0.000000
5415               0.0                                  0.467204  4.025352  ...                                  0.000000                    7.514255                         0.000000
75612              0.0                                  0.612297  3.555348  ...                                  0.000000                    8.556606                         1.386294
138169             0.0                                  0.330727  3.713572  ...                                  0.000000                    9.105091                         1.791759
87184              0.0                                  0.000000  4.025352  ...                                  0.000000                    7.888710                         0.000000
...                ...                                       ...       ...  ...                                       ...                         ...                              ...
119879             0.0                                  0.003170  3.806662  ...                                  0.000000                    9.210440                         1.386294
103694             0.0                                  0.084063  4.219508  ...                                  0.000000                    8.374246                         0.693147
131932             0.0                                  0.066526  3.912023  ...                                  0.000000                    7.937732                         0.000000
146867             0.0                                  0.198548  3.610918  ...                                  0.000000                    7.313887                         0.000000
121958             0.0                                  0.189008  4.143135  ...                                  0.693147                    9.210440                         0.000000

[120000 rows x 11 columns]
X_test:
        NPA Status_log  RevolvingUtilizationOfUnsecuredLines_log   age_log  ...  NumberOfTime60-89DaysPastDueNotWorse_log  MonthlyIncome_replaced_log  NumberOfDependents_replaced_log
59770              0.0                                  0.693147  3.433987  ...                                       0.0                    9.071193                         0.000000
21362              0.0                                  0.000000  4.060443  ...                                       0.0                    8.955577                         0.000000
127324             0.0                                  0.035916  3.891820  ...                                       0.0                    8.699681                         1.386294
140509             0.0                                  0.702271  3.737670  ...                                       0.0                    8.508959                         0.000000
144297             0.0                                  0.697537  3.912023  ...                                       0.0                    8.117909                         0.000000
...                ...                                       ...       ...  ...                                       ...                         ...                              ...
30430              0.0                                  0.132983  4.060443  ...                                       0.0                    9.510519                         0.000000
63244              0.0                                  0.000000  4.174387  ...                                       0.0                    7.313887                         0.000000
104970             0.0                                  0.429610  3.784190  ...                                       0.0                    9.305741                         0.693147
53960              0.0                                  0.098765  4.025352  ...                                       0.0                    9.239996                         0.000000
49315              0.0                                  0.001371  4.007333  ...                                       0.0                    8.922792                         1.098612

[30000 rows x 11 columns]
