2025-09-18 13:07:28,479 - INFO - Outlier has started ............
2025-09-18 13:07:28,494 - INFO - Columns in the train are :         NPA Status_log  RevolvingUtilizationOfUnsecuredLines_log  ...  MonthlyIncome_replaced_log  NumberOfDependents_replaced_log
104025             0.0                                  0.329179  ...                    7.824446                         0.000000
5415               0.0                                  0.467204  ...                    7.514255                         0.000000
75612              0.0                                  0.612297  ...                    8.556606                         1.386294
138169             0.0                                  0.330727  ...                    9.105091                         1.791759
87184              0.0                                  0.000000  ...                    7.888710                         0.000000
...                ...                                       ...  ...                         ...                              ...
119879             0.0                                  0.003170  ...                    9.210440                         1.386294
103694             0.0                                  0.084063  ...                    8.374246                         0.693147
131932             0.0                                  0.066526  ...                    7.937732                         0.000000
146867             0.0                                  0.198548  ...                    7.313887                         0.000000
121958             0.0                                  0.189008  ...                    9.210440                         0.000000

[120000 rows x 11 columns]
2025-09-18 13:07:28,607 - INFO - Columns in the train are : Index(['NPA Status_log', 'RevolvingUtilizationOfUnsecuredLines_log', 'age_log',
       'NumberOfTime30-59DaysPastDueNotWorse_log', 'DebtRatio_log',
       'NumberOfOpenCreditLinesAndLoans_log', 'NumberOfTimes90DaysLate_log',
       'NumberRealEstateLoansOrLines_log',
       'NumberOfTime60-89DaysPastDueNotWorse_log',
       'MonthlyIncome_replaced_log', 'NumberOfDependents_replaced_log',
       'NPA Status_log_trim', 'RevolvingUtilizationOfUnsecuredLines_log_trim',
       'age_log_trim', 'NumberOfTime30-59DaysPastDueNotWorse_log_trim',
       'DebtRatio_log_trim', 'NumberOfOpenCreditLinesAndLoans_log_trim',
       'NumberOfTimes90DaysLate_log_trim',
       'NumberRealEstateLoansOrLines_log_trim',
       'NumberOfTime60-89DaysPastDueNotWorse_log_trim',
       'MonthlyIncome_replaced_log_trim',
       'NumberOfDependents_replaced_log_trim'],
      dtype='object')
2025-09-18 13:09:29,715 - INFO - Outlier has started ............
2025-09-18 13:09:29,715 - INFO - Columns in the train are : Index(['NPA Status_log', 'RevolvingUtilizationOfUnsecuredLines_log', 'age_log',
       'NumberOfTime30-59DaysPastDueNotWorse_log', 'DebtRatio_log',
       'NumberOfOpenCreditLinesAndLoans_log', 'NumberOfTimes90DaysLate_log',
       'NumberRealEstateLoansOrLines_log',
       'NumberOfTime60-89DaysPastDueNotWorse_log',
       'MonthlyIncome_replaced_log', 'NumberOfDependents_replaced_log'],
      dtype='object')
2025-09-18 13:09:29,978 - INFO - Columns in the train are : Index(['NPA Status_log_trim', 'RevolvingUtilizationOfUnsecuredLines_log_trim',
       'age_log_trim', 'NumberOfTime30-59DaysPastDueNotWorse_log_trim',
       'DebtRatio_log_trim', 'NumberOfOpenCreditLinesAndLoans_log_trim',
       'NumberOfTimes90DaysLate_log_trim',
       'NumberRealEstateLoansOrLines_log_trim',
       'NumberOfTime60-89DaysPastDueNotWorse_log_trim',
       'MonthlyIncome_replaced_log_trim',
       'NumberOfDependents_replaced_log_trim'],
      dtype='object')
2025-09-18 13:17:19,723 - INFO - Outlier has started ............
2025-09-18 13:17:19,723 - INFO - Columns in the train are : Index(['NPA Status_log', 'RevolvingUtilizationOfUnsecuredLines_log', 'age_log',
       'NumberOfTime30-59DaysPastDueNotWorse_log', 'DebtRatio_log',
       'NumberOfOpenCreditLinesAndLoans_log', 'NumberOfTimes90DaysLate_log',
       'NumberRealEstateLoansOrLines_log',
       'NumberOfTime60-89DaysPastDueNotWorse_log',
       'MonthlyIncome_replaced_log', 'NumberOfDependents_replaced_log'],
      dtype='object')
2025-09-18 13:17:20,024 - INFO - Columns in the train are : Index(['NPA Status_log_trim', 'RevolvingUtilizationOfUnsecuredLines_log_trim',
       'age_log_trim', 'NumberOfTime30-59DaysPastDueNotWorse_log_trim',
       'DebtRatio_log_trim', 'NumberOfOpenCreditLinesAndLoans_log_trim',
       'NumberOfTimes90DaysLate_log_trim',
       'NumberRealEstateLoansOrLines_log_trim',
       'NumberOfTime60-89DaysPastDueNotWorse_log_trim',
       'MonthlyIncome_replaced_log_trim',
       'NumberOfDependents_replaced_log_trim'],
      dtype='object')
2025-09-18 13:18:22,473 - INFO - Outlier has started ............
2025-09-18 13:18:22,473 - INFO - Columns in the train are : Index(['NPA Status_log', 'RevolvingUtilizationOfUnsecuredLines_log', 'age_log',
       'NumberOfTime30-59DaysPastDueNotWorse_log', 'DebtRatio_log',
       'NumberOfOpenCreditLinesAndLoans_log', 'NumberOfTimes90DaysLate_log',
       'NumberRealEstateLoansOrLines_log',
       'NumberOfTime60-89DaysPastDueNotWorse_log',
       'MonthlyIncome_replaced_log', 'NumberOfDependents_replaced_log'],
      dtype='object')
2025-09-18 13:18:22,694 - INFO - Columns in the train are : Index(['NPA Status_log_trim', 'RevolvingUtilizationOfUnsecuredLines_log_trim',
       'age_log_trim', 'NumberOfTime30-59DaysPastDueNotWorse_log_trim',
       'DebtRatio_log_trim', 'NumberOfOpenCreditLinesAndLoans_log_trim',
       'NumberOfTimes90DaysLate_log_trim',
       'NumberRealEstateLoansOrLines_log_trim',
       'NumberOfTime60-89DaysPastDueNotWorse_log_trim',
       'MonthlyIncome_replaced_log_trim',
       'NumberOfDependents_replaced_log_trim'],
      dtype='object')
2025-09-18 13:29:53,123 - INFO - Outlier has started ............
2025-09-18 13:29:53,127 - INFO - Columns in the train are : Index(['NPA Status_log', 'RevolvingUtilizationOfUnsecuredLines_log', 'age_log',
       'NumberOfTime30-59DaysPastDueNotWorse_log', 'DebtRatio_log',
       'NumberOfOpenCreditLinesAndLoans_log', 'NumberOfTimes90DaysLate_log',
       'NumberRealEstateLoansOrLines_log',
       'NumberOfTime60-89DaysPastDueNotWorse_log',
       'MonthlyIncome_replaced_log', 'NumberOfDependents_replaced_log'],
      dtype='object')
2025-09-18 13:29:53,382 - INFO - Columns in the train are : Index(['NPA Status_log_trim', 'RevolvingUtilizationOfUnsecuredLines_log_trim',
       'age_log_trim', 'NumberOfTime30-59DaysPastDueNotWorse_log_trim',
       'DebtRatio_log_trim', 'NumberOfOpenCreditLinesAndLoans_log_trim',
       'NumberOfTimes90DaysLate_log_trim',
       'NumberRealEstateLoansOrLines_log_trim',
       'NumberOfTime60-89DaysPastDueNotWorse_log_trim',
       'MonthlyIncome_replaced_log_trim',
       'NumberOfDependents_replaced_log_trim'],
      dtype='object')
2025-09-18 13:31:00,274 - INFO - Outlier has started ............
2025-09-18 13:31:00,274 - INFO - Columns in the train are : Index(['NPA Status_log', 'RevolvingUtilizationOfUnsecuredLines_log', 'age_log',
       'NumberOfTime30-59DaysPastDueNotWorse_log', 'DebtRatio_log',
       'NumberOfOpenCreditLinesAndLoans_log', 'NumberOfTimes90DaysLate_log',
       'NumberRealEstateLoansOrLines_log',
       'NumberOfTime60-89DaysPastDueNotWorse_log',
       'MonthlyIncome_replaced_log', 'NumberOfDependents_replaced_log'],
      dtype='object')
2025-09-18 13:31:00,535 - INFO - Columns in the train are : Index(['NPA Status_log_trim', 'RevolvingUtilizationOfUnsecuredLines_log_trim',
       'age_log_trim', 'NumberOfTime30-59DaysPastDueNotWorse_log_trim',
       'DebtRatio_log_trim', 'NumberOfOpenCreditLinesAndLoans_log_trim',
       'NumberOfTimes90DaysLate_log_trim',
       'NumberRealEstateLoansOrLines_log_trim',
       'NumberOfTime60-89DaysPastDueNotWorse_log_trim',
       'MonthlyIncome_replaced_log_trim',
       'NumberOfDependents_replaced_log_trim'],
      dtype='object')
2025-09-18 13:31:35,095 - INFO - Outlier has started ............
2025-09-18 13:31:35,095 - INFO - Columns in the train are : Index(['NPA Status_log', 'RevolvingUtilizationOfUnsecuredLines_log', 'age_log',
       'NumberOfTime30-59DaysPastDueNotWorse_log', 'DebtRatio_log',
       'NumberOfOpenCreditLinesAndLoans_log', 'NumberOfTimes90DaysLate_log',
       'NumberRealEstateLoansOrLines_log',
       'NumberOfTime60-89DaysPastDueNotWorse_log',
       'MonthlyIncome_replaced_log', 'NumberOfDependents_replaced_log'],
      dtype='object')
2025-09-18 13:31:35,321 - INFO - Columns in the train are : Index(['NPA Status_log_trim', 'RevolvingUtilizationOfUnsecuredLines_log_trim',
       'age_log_trim', 'NumberOfTime30-59DaysPastDueNotWorse_log_trim',
       'DebtRatio_log_trim', 'NumberOfOpenCreditLinesAndLoans_log_trim',
       'NumberOfTimes90DaysLate_log_trim',
       'NumberRealEstateLoansOrLines_log_trim',
       'NumberOfTime60-89DaysPastDueNotWorse_log_trim',
       'MonthlyIncome_replaced_log_trim',
       'NumberOfDependents_replaced_log_trim'],
      dtype='object')
2025-09-18 13:32:14,811 - INFO - Outlier has started ............
2025-09-18 13:32:14,819 - INFO - Columns in the train are : Index(['NPA Status_log', 'RevolvingUtilizationOfUnsecuredLines_log', 'age_log',
       'NumberOfTime30-59DaysPastDueNotWorse_log', 'DebtRatio_log',
       'NumberOfOpenCreditLinesAndLoans_log', 'NumberOfTimes90DaysLate_log',
       'NumberRealEstateLoansOrLines_log',
       'NumberOfTime60-89DaysPastDueNotWorse_log',
       'MonthlyIncome_replaced_log', 'NumberOfDependents_replaced_log'],
      dtype='object')
2025-09-18 13:32:15,031 - INFO - Columns in the train are : Index(['NPA Status_log_trim', 'RevolvingUtilizationOfUnsecuredLines_log_trim',
       'age_log_trim', 'NumberOfTime30-59DaysPastDueNotWorse_log_trim',
       'DebtRatio_log_trim', 'NumberOfOpenCreditLinesAndLoans_log_trim',
       'NumberOfTimes90DaysLate_log_trim',
       'NumberRealEstateLoansOrLines_log_trim',
       'NumberOfTime60-89DaysPastDueNotWorse_log_trim',
       'MonthlyIncome_replaced_log_trim',
       'NumberOfDependents_replaced_log_trim'],
      dtype='object')
2025-09-18 13:35:13,672 - INFO - Outlier has started ............
2025-09-18 13:35:13,672 - INFO - Columns in the train are : Index(['NPA Status_log', 'RevolvingUtilizationOfUnsecuredLines_log', 'age_log',
       'NumberOfTime30-59DaysPastDueNotWorse_log', 'DebtRatio_log',
       'NumberOfOpenCreditLinesAndLoans_log', 'NumberOfTimes90DaysLate_log',
       'NumberRealEstateLoansOrLines_log',
       'NumberOfTime60-89DaysPastDueNotWorse_log',
       'MonthlyIncome_replaced_log', 'NumberOfDependents_replaced_log'],
      dtype='object')
2025-09-18 13:35:13,910 - INFO - Columns in the train are : Index(['NPA Status_log_trim', 'RevolvingUtilizationOfUnsecuredLines_log_trim',
       'age_log_trim', 'NumberOfTime30-59DaysPastDueNotWorse_log_trim',
       'DebtRatio_log_trim', 'NumberOfOpenCreditLinesAndLoans_log_trim',
       'NumberOfTimes90DaysLate_log_trim',
       'NumberRealEstateLoansOrLines_log_trim',
       'NumberOfTime60-89DaysPastDueNotWorse_log_trim',
       'MonthlyIncome_replaced_log_trim',
       'NumberOfDependents_replaced_log_trim'],
      dtype='object')
2025-09-18 13:35:53,777 - INFO - Outlier has started ............
2025-09-18 13:35:53,777 - INFO - Columns in the train are : Index(['NPA Status_log', 'RevolvingUtilizationOfUnsecuredLines_log', 'age_log',
       'NumberOfTime30-59DaysPastDueNotWorse_log', 'DebtRatio_log',
       'NumberOfOpenCreditLinesAndLoans_log', 'NumberOfTimes90DaysLate_log',
       'NumberRealEstateLoansOrLines_log',
       'NumberOfTime60-89DaysPastDueNotWorse_log',
       'MonthlyIncome_replaced_log', 'NumberOfDependents_replaced_log'],
      dtype='object')
2025-09-18 13:35:54,030 - INFO - Columns in the train are : Index(['NPA Status_log_trim', 'RevolvingUtilizationOfUnsecuredLines_log_trim',
       'age_log_trim', 'NumberOfTime30-59DaysPastDueNotWorse_log_trim',
       'DebtRatio_log_trim', 'NumberOfOpenCreditLinesAndLoans_log_trim',
       'NumberOfTimes90DaysLate_log_trim',
       'NumberRealEstateLoansOrLines_log_trim',
       'NumberOfTime60-89DaysPastDueNotWorse_log_trim',
       'MonthlyIncome_replaced_log_trim',
       'NumberOfDependents_replaced_log_trim'],
      dtype='object')
2025-09-18 13:36:47,321 - INFO - Outlier has started ............
2025-09-18 13:36:47,321 - INFO - Columns in the train are : Index(['NPA Status_log', 'RevolvingUtilizationOfUnsecuredLines_log', 'age_log',
       'NumberOfTime30-59DaysPastDueNotWorse_log', 'DebtRatio_log',
       'NumberOfOpenCreditLinesAndLoans_log', 'NumberOfTimes90DaysLate_log',
       'NumberRealEstateLoansOrLines_log',
       'NumberOfTime60-89DaysPastDueNotWorse_log',
       'MonthlyIncome_replaced_log', 'NumberOfDependents_replaced_log'],
      dtype='object')
2025-09-18 13:36:47,563 - INFO - Columns in the train are : Index(['NPA Status_log_trim', 'RevolvingUtilizationOfUnsecuredLines_log_trim',
       'age_log_trim', 'NumberOfTime30-59DaysPastDueNotWorse_log_trim',
       'DebtRatio_log_trim', 'NumberOfOpenCreditLinesAndLoans_log_trim',
       'NumberOfTimes90DaysLate_log_trim',
       'NumberRealEstateLoansOrLines_log_trim',
       'NumberOfTime60-89DaysPastDueNotWorse_log_trim',
       'MonthlyIncome_replaced_log_trim',
       'NumberOfDependents_replaced_log_trim'],
      dtype='object')
2025-09-18 13:37:42,734 - INFO - Outlier has started ............
2025-09-18 13:37:42,734 - INFO - Columns in the train are : Index(['NPA Status_log', 'RevolvingUtilizationOfUnsecuredLines_log', 'age_log',
       'NumberOfTime30-59DaysPastDueNotWorse_log', 'DebtRatio_log',
       'NumberOfOpenCreditLinesAndLoans_log', 'NumberOfTimes90DaysLate_log',
       'NumberRealEstateLoansOrLines_log',
       'NumberOfTime60-89DaysPastDueNotWorse_log',
       'MonthlyIncome_replaced_log', 'NumberOfDependents_replaced_log'],
      dtype='object')
2025-09-18 13:37:42,988 - INFO - Columns in the train are : Index(['NPA Status_log_trim', 'RevolvingUtilizationOfUnsecuredLines_log_trim',
       'age_log_trim', 'NumberOfTime30-59DaysPastDueNotWorse_log_trim',
       'DebtRatio_log_trim', 'NumberOfOpenCreditLinesAndLoans_log_trim',
       'NumberOfTimes90DaysLate_log_trim',
       'NumberRealEstateLoansOrLines_log_trim',
       'NumberOfTime60-89DaysPastDueNotWorse_log_trim',
       'MonthlyIncome_replaced_log_trim',
       'NumberOfDependents_replaced_log_trim'],
      dtype='object')
2025-09-18 13:38:30,745 - INFO - Outlier has started ............
2025-09-18 13:38:30,745 - INFO - Columns in the train are : Index(['NPA Status_log', 'RevolvingUtilizationOfUnsecuredLines_log', 'age_log',
       'NumberOfTime30-59DaysPastDueNotWorse_log', 'DebtRatio_log',
       'NumberOfOpenCreditLinesAndLoans_log', 'NumberOfTimes90DaysLate_log',
       'NumberRealEstateLoansOrLines_log',
       'NumberOfTime60-89DaysPastDueNotWorse_log',
       'MonthlyIncome_replaced_log', 'NumberOfDependents_replaced_log'],
      dtype='object')
2025-09-18 13:38:30,952 - INFO - Columns in the train are : Index(['NPA Status_log_trim', 'RevolvingUtilizationOfUnsecuredLines_log_trim',
       'age_log_trim', 'NumberOfTime30-59DaysPastDueNotWorse_log_trim',
       'DebtRatio_log_trim', 'NumberOfOpenCreditLinesAndLoans_log_trim',
       'NumberOfTimes90DaysLate_log_trim',
       'NumberRealEstateLoansOrLines_log_trim',
       'NumberOfTime60-89DaysPastDueNotWorse_log_trim',
       'MonthlyIncome_replaced_log_trim',
       'NumberOfDependents_replaced_log_trim'],
      dtype='object')
2025-09-18 13:40:39,036 - INFO - Outlier has started ............
2025-09-18 13:40:39,036 - INFO - Columns in the train are : Index(['NPA Status_log', 'RevolvingUtilizationOfUnsecuredLines_log', 'age_log',
       'NumberOfTime30-59DaysPastDueNotWorse_log', 'DebtRatio_log',
       'NumberOfOpenCreditLinesAndLoans_log', 'NumberOfTimes90DaysLate_log',
       'NumberRealEstateLoansOrLines_log',
       'NumberOfTime60-89DaysPastDueNotWorse_log',
       'MonthlyIncome_replaced_log', 'NumberOfDependents_replaced_log'],
      dtype='object')
2025-09-18 13:40:39,271 - INFO - Columns in the train are : Index(['NPA Status_log_trim', 'RevolvingUtilizationOfUnsecuredLines_log_trim',
       'age_log_trim', 'NumberOfTime30-59DaysPastDueNotWorse_log_trim',
       'DebtRatio_log_trim', 'NumberOfOpenCreditLinesAndLoans_log_trim',
       'NumberOfTimes90DaysLate_log_trim',
       'NumberRealEstateLoansOrLines_log_trim',
       'NumberOfTime60-89DaysPastDueNotWorse_log_trim',
       'MonthlyIncome_replaced_log_trim',
       'NumberOfDependents_replaced_log_trim'],
      dtype='object')
2025-09-18 13:46:46,190 - INFO - Outlier has started ............
2025-09-18 13:46:46,190 - INFO - Columns in the train are : Index(['NPA Status_log', 'RevolvingUtilizationOfUnsecuredLines_log', 'age_log',
       'NumberOfTime30-59DaysPastDueNotWorse_log', 'DebtRatio_log',
       'NumberOfOpenCreditLinesAndLoans_log', 'NumberOfTimes90DaysLate_log',
       'NumberRealEstateLoansOrLines_log',
       'NumberOfTime60-89DaysPastDueNotWorse_log',
       'MonthlyIncome_replaced_log', 'NumberOfDependents_replaced_log'],
      dtype='object')
2025-09-18 13:46:46,449 - INFO - Columns in the train are : Index(['NPA Status_log_trim', 'RevolvingUtilizationOfUnsecuredLines_log_trim',
       'age_log_trim', 'NumberOfTime30-59DaysPastDueNotWorse_log_trim',
       'DebtRatio_log_trim', 'NumberOfOpenCreditLinesAndLoans_log_trim',
       'NumberOfTimes90DaysLate_log_trim',
       'NumberRealEstateLoansOrLines_log_trim',
       'NumberOfTime60-89DaysPastDueNotWorse_log_trim',
       'MonthlyIncome_replaced_log_trim',
       'NumberOfDependents_replaced_log_trim'],
      dtype='object')
2025-09-18 13:48:47,026 - INFO - Outlier has started ............
2025-09-18 13:48:47,026 - INFO - Columns in the train are : Index(['NPA Status_log', 'RevolvingUtilizationOfUnsecuredLines_log', 'age_log',
       'NumberOfTime30-59DaysPastDueNotWorse_log', 'DebtRatio_log',
       'NumberOfOpenCreditLinesAndLoans_log', 'NumberOfTimes90DaysLate_log',
       'NumberRealEstateLoansOrLines_log',
       'NumberOfTime60-89DaysPastDueNotWorse_log',
       'MonthlyIncome_replaced_log', 'NumberOfDependents_replaced_log'],
      dtype='object')
2025-09-18 13:48:47,279 - INFO - Columns in the train are : Index(['NPA Status_log_trim', 'RevolvingUtilizationOfUnsecuredLines_log_trim',
       'age_log_trim', 'NumberOfTime30-59DaysPastDueNotWorse_log_trim',
       'DebtRatio_log_trim', 'NumberOfOpenCreditLinesAndLoans_log_trim',
       'NumberOfTimes90DaysLate_log_trim',
       'NumberRealEstateLoansOrLines_log_trim',
       'NumberOfTime60-89DaysPastDueNotWorse_log_trim',
       'MonthlyIncome_replaced_log_trim',
       'NumberOfDependents_replaced_log_trim'],
      dtype='object')
2025-09-18 13:49:33,547 - INFO - Outlier has started ............
2025-09-18 13:49:33,547 - INFO - Columns in the train are : Index(['NPA Status_log', 'RevolvingUtilizationOfUnsecuredLines_log', 'age_log',
       'NumberOfTime30-59DaysPastDueNotWorse_log', 'DebtRatio_log',
       'NumberOfOpenCreditLinesAndLoans_log', 'NumberOfTimes90DaysLate_log',
       'NumberRealEstateLoansOrLines_log',
       'NumberOfTime60-89DaysPastDueNotWorse_log',
       'MonthlyIncome_replaced_log', 'NumberOfDependents_replaced_log'],
      dtype='object')
2025-09-18 13:49:33,841 - INFO - Columns in the train are : Index(['NPA Status_log_trim', 'RevolvingUtilizationOfUnsecuredLines_log_trim',
       'age_log_trim', 'NumberOfTime30-59DaysPastDueNotWorse_log_trim',
       'DebtRatio_log_trim', 'NumberOfOpenCreditLinesAndLoans_log_trim',
       'NumberOfTimes90DaysLate_log_trim',
       'NumberRealEstateLoansOrLines_log_trim',
       'NumberOfTime60-89DaysPastDueNotWorse_log_trim',
       'MonthlyIncome_replaced_log_trim',
       'NumberOfDependents_replaced_log_trim'],
      dtype='object')
2025-09-18 13:50:45,253 - INFO - Outlier has started ............
2025-09-18 13:50:45,253 - INFO - Columns in the train are : Index(['NPA Status_log', 'RevolvingUtilizationOfUnsecuredLines_log', 'age_log',
       'NumberOfTime30-59DaysPastDueNotWorse_log', 'DebtRatio_log',
       'NumberOfOpenCreditLinesAndLoans_log', 'NumberOfTimes90DaysLate_log',
       'NumberRealEstateLoansOrLines_log',
       'NumberOfTime60-89DaysPastDueNotWorse_log',
       'MonthlyIncome_replaced_log', 'NumberOfDependents_replaced_log'],
      dtype='object')
2025-09-18 13:50:45,530 - INFO - Columns in the train are : Index(['NPA Status_log_trim', 'RevolvingUtilizationOfUnsecuredLines_log_trim',
       'age_log_trim', 'NumberOfTime30-59DaysPastDueNotWorse_log_trim',
       'DebtRatio_log_trim', 'NumberOfOpenCreditLinesAndLoans_log_trim',
       'NumberOfTimes90DaysLate_log_trim',
       'NumberRealEstateLoansOrLines_log_trim',
       'NumberOfTime60-89DaysPastDueNotWorse_log_trim',
       'MonthlyIncome_replaced_log_trim',
       'NumberOfDependents_replaced_log_trim'],
      dtype='object')
2025-09-18 14:02:34,344 - INFO - Outlier has started ............
2025-09-18 14:02:34,348 - INFO - Columns in the train are : Index(['NPA Status_log', 'RevolvingUtilizationOfUnsecuredLines_log', 'age_log',
       'NumberOfTime30-59DaysPastDueNotWorse_log', 'DebtRatio_log',
       'NumberOfOpenCreditLinesAndLoans_log', 'NumberOfTimes90DaysLate_log',
       'NumberRealEstateLoansOrLines_log',
       'NumberOfTime60-89DaysPastDueNotWorse_log',
       'MonthlyIncome_replaced_log', 'NumberOfDependents_replaced_log'],
      dtype='object')
2025-09-18 14:02:34,585 - INFO - Columns in the train are : Index(['NPA Status_log_trim', 'RevolvingUtilizationOfUnsecuredLines_log_trim',
       'age_log_trim', 'NumberOfTime30-59DaysPastDueNotWorse_log_trim',
       'DebtRatio_log_trim', 'NumberOfOpenCreditLinesAndLoans_log_trim',
       'NumberOfTimes90DaysLate_log_trim',
       'NumberRealEstateLoansOrLines_log_trim',
       'NumberOfTime60-89DaysPastDueNotWorse_log_trim',
       'MonthlyIncome_replaced_log_trim',
       'NumberOfDependents_replaced_log_trim'],
      dtype='object')
2025-09-18 14:03:27,443 - INFO - Outlier has started ............
2025-09-18 14:03:27,443 - INFO - Columns in the train are : Index(['NPA Status_log', 'RevolvingUtilizationOfUnsecuredLines_log', 'age_log',
       'NumberOfTime30-59DaysPastDueNotWorse_log', 'DebtRatio_log',
       'NumberOfOpenCreditLinesAndLoans_log', 'NumberOfTimes90DaysLate_log',
       'NumberRealEstateLoansOrLines_log',
       'NumberOfTime60-89DaysPastDueNotWorse_log',
       'MonthlyIncome_replaced_log', 'NumberOfDependents_replaced_log'],
      dtype='object')
2025-09-18 14:03:27,671 - INFO - Columns in the train are : Index(['NPA Status_log_trim', 'RevolvingUtilizationOfUnsecuredLines_log_trim',
       'age_log_trim', 'NumberOfTime30-59DaysPastDueNotWorse_log_trim',
       'DebtRatio_log_trim', 'NumberOfOpenCreditLinesAndLoans_log_trim',
       'NumberOfTimes90DaysLate_log_trim',
       'NumberRealEstateLoansOrLines_log_trim',
       'NumberOfTime60-89DaysPastDueNotWorse_log_trim',
       'MonthlyIncome_replaced_log_trim',
       'NumberOfDependents_replaced_log_trim'],
      dtype='object')
2025-09-18 14:04:08,650 - INFO - Outlier has started ............
2025-09-18 14:04:08,650 - INFO - Columns in the train are : Index(['NPA Status_log', 'RevolvingUtilizationOfUnsecuredLines_log', 'age_log',
       'NumberOfTime30-59DaysPastDueNotWorse_log', 'DebtRatio_log',
       'NumberOfOpenCreditLinesAndLoans_log', 'NumberOfTimes90DaysLate_log',
       'NumberRealEstateLoansOrLines_log',
       'NumberOfTime60-89DaysPastDueNotWorse_log',
       'MonthlyIncome_replaced_log', 'NumberOfDependents_replaced_log'],
      dtype='object')
2025-09-18 14:04:08,875 - INFO - Columns in the train are : Index(['NPA Status_log_trim', 'RevolvingUtilizationOfUnsecuredLines_log_trim',
       'age_log_trim', 'NumberOfTime30-59DaysPastDueNotWorse_log_trim',
       'DebtRatio_log_trim', 'NumberOfOpenCreditLinesAndLoans_log_trim',
       'NumberOfTimes90DaysLate_log_trim',
       'NumberRealEstateLoansOrLines_log_trim',
       'NumberOfTime60-89DaysPastDueNotWorse_log_trim',
       'MonthlyIncome_replaced_log_trim',
       'NumberOfDependents_replaced_log_trim'],
      dtype='object')
2025-09-18 14:09:01,119 - INFO - Outlier has started ............
2025-09-18 14:09:01,119 - INFO - Columns in the train are : Index(['NPA Status_log', 'RevolvingUtilizationOfUnsecuredLines_log', 'age_log',
       'NumberOfTime30-59DaysPastDueNotWorse_log', 'DebtRatio_log',
       'NumberOfOpenCreditLinesAndLoans_log', 'NumberOfTimes90DaysLate_log',
       'NumberRealEstateLoansOrLines_log',
       'NumberOfTime60-89DaysPastDueNotWorse_log',
       'MonthlyIncome_replaced_log', 'NumberOfDependents_replaced_log'],
      dtype='object')
2025-09-18 14:09:01,365 - INFO - Columns in the train are : Index(['NPA Status_log_trim', 'RevolvingUtilizationOfUnsecuredLines_log_trim',
       'age_log_trim', 'NumberOfTime30-59DaysPastDueNotWorse_log_trim',
       'DebtRatio_log_trim', 'NumberOfOpenCreditLinesAndLoans_log_trim',
       'NumberOfTimes90DaysLate_log_trim',
       'NumberRealEstateLoansOrLines_log_trim',
       'NumberOfTime60-89DaysPastDueNotWorse_log_trim',
       'MonthlyIncome_replaced_log_trim',
       'NumberOfDependents_replaced_log_trim'],
      dtype='object')
2025-09-18 14:12:20,892 - INFO - Outlier has started ............
2025-09-18 14:12:20,892 - INFO - Columns in the train are : Index(['NPA Status_log', 'RevolvingUtilizationOfUnsecuredLines_log', 'age_log',
       'NumberOfTime30-59DaysPastDueNotWorse_log', 'DebtRatio_log',
       'NumberOfOpenCreditLinesAndLoans_log', 'NumberOfTimes90DaysLate_log',
       'NumberRealEstateLoansOrLines_log',
       'NumberOfTime60-89DaysPastDueNotWorse_log',
       'MonthlyIncome_replaced_log', 'NumberOfDependents_replaced_log'],
      dtype='object')
2025-09-18 14:12:21,131 - INFO - Columns in the train are : Index(['NPA Status_log_trim', 'RevolvingUtilizationOfUnsecuredLines_log_trim',
       'age_log_trim', 'NumberOfTime30-59DaysPastDueNotWorse_log_trim',
       'DebtRatio_log_trim', 'NumberOfOpenCreditLinesAndLoans_log_trim',
       'NumberOfTimes90DaysLate_log_trim',
       'NumberRealEstateLoansOrLines_log_trim',
       'NumberOfTime60-89DaysPastDueNotWorse_log_trim',
       'MonthlyIncome_replaced_log_trim',
       'NumberOfDependents_replaced_log_trim'],
      dtype='object')
2025-09-18 14:12:57,534 - INFO - Outlier has started ............
2025-09-18 14:12:57,534 - INFO - Columns in the train are : Index(['NPA Status_log', 'RevolvingUtilizationOfUnsecuredLines_log', 'age_log',
       'NumberOfTime30-59DaysPastDueNotWorse_log', 'DebtRatio_log',
       'NumberOfOpenCreditLinesAndLoans_log', 'NumberOfTimes90DaysLate_log',
       'NumberRealEstateLoansOrLines_log',
       'NumberOfTime60-89DaysPastDueNotWorse_log',
       'MonthlyIncome_replaced_log', 'NumberOfDependents_replaced_log'],
      dtype='object')
2025-09-18 14:12:57,803 - INFO - Columns in the train are : Index(['NPA Status_log_trim', 'RevolvingUtilizationOfUnsecuredLines_log_trim',
       'age_log_trim', 'NumberOfTime30-59DaysPastDueNotWorse_log_trim',
       'DebtRatio_log_trim', 'NumberOfOpenCreditLinesAndLoans_log_trim',
       'NumberOfTimes90DaysLate_log_trim',
       'NumberRealEstateLoansOrLines_log_trim',
       'NumberOfTime60-89DaysPastDueNotWorse_log_trim',
       'MonthlyIncome_replaced_log_trim',
       'NumberOfDependents_replaced_log_trim'],
      dtype='object')
2025-09-18 14:15:16,395 - INFO - Outlier has started ............
2025-09-18 14:15:16,395 - INFO - Columns in the train are : Index(['NPA Status_log', 'RevolvingUtilizationOfUnsecuredLines_log', 'age_log',
       'NumberOfTime30-59DaysPastDueNotWorse_log', 'DebtRatio_log',
       'NumberOfOpenCreditLinesAndLoans_log', 'NumberOfTimes90DaysLate_log',
       'NumberRealEstateLoansOrLines_log',
       'NumberOfTime60-89DaysPastDueNotWorse_log',
       'MonthlyIncome_replaced_log', 'NumberOfDependents_replaced_log'],
      dtype='object')
2025-09-18 14:15:16,633 - INFO - Columns in the train are : Index(['NPA Status_log_trim', 'RevolvingUtilizationOfUnsecuredLines_log_trim',
       'age_log_trim', 'NumberOfTime30-59DaysPastDueNotWorse_log_trim',
       'DebtRatio_log_trim', 'NumberOfOpenCreditLinesAndLoans_log_trim',
       'NumberOfTimes90DaysLate_log_trim',
       'NumberRealEstateLoansOrLines_log_trim',
       'NumberOfTime60-89DaysPastDueNotWorse_log_trim',
       'MonthlyIncome_replaced_log_trim',
       'NumberOfDependents_replaced_log_trim'],
      dtype='object')
2025-09-18 14:16:13,869 - INFO - Outlier has started ............
2025-09-18 14:16:13,869 - INFO - Columns in the train are : Index(['NPA Status_log', 'RevolvingUtilizationOfUnsecuredLines_log', 'age_log',
       'NumberOfTime30-59DaysPastDueNotWorse_log', 'DebtRatio_log',
       'NumberOfOpenCreditLinesAndLoans_log', 'NumberOfTimes90DaysLate_log',
       'NumberRealEstateLoansOrLines_log',
       'NumberOfTime60-89DaysPastDueNotWorse_log',
       'MonthlyIncome_replaced_log', 'NumberOfDependents_replaced_log'],
      dtype='object')
2025-09-18 14:16:14,088 - INFO - Columns in the train are : Index(['NPA Status_log_trim', 'RevolvingUtilizationOfUnsecuredLines_log_trim',
       'age_log_trim', 'NumberOfTime30-59DaysPastDueNotWorse_log_trim',
       'DebtRatio_log_trim', 'NumberOfOpenCreditLinesAndLoans_log_trim',
       'NumberOfTimes90DaysLate_log_trim',
       'NumberRealEstateLoansOrLines_log_trim',
       'NumberOfTime60-89DaysPastDueNotWorse_log_trim',
       'MonthlyIncome_replaced_log_trim',
       'NumberOfDependents_replaced_log_trim'],
      dtype='object')
2025-09-18 14:16:39,127 - INFO - Outlier has started ............
2025-09-18 14:16:39,127 - INFO - Columns in the train are : Index(['NPA Status_log', 'RevolvingUtilizationOfUnsecuredLines_log', 'age_log',
       'NumberOfTime30-59DaysPastDueNotWorse_log', 'DebtRatio_log',
       'NumberOfOpenCreditLinesAndLoans_log', 'NumberOfTimes90DaysLate_log',
       'NumberRealEstateLoansOrLines_log',
       'NumberOfTime60-89DaysPastDueNotWorse_log',
       'MonthlyIncome_replaced_log', 'NumberOfDependents_replaced_log'],
      dtype='object')
2025-09-18 14:16:39,366 - INFO - Columns in the train are : Index(['NPA Status_log_trim', 'RevolvingUtilizationOfUnsecuredLines_log_trim',
       'age_log_trim', 'NumberOfTime30-59DaysPastDueNotWorse_log_trim',
       'DebtRatio_log_trim', 'NumberOfOpenCreditLinesAndLoans_log_trim',
       'NumberOfTimes90DaysLate_log_trim',
       'NumberRealEstateLoansOrLines_log_trim',
       'NumberOfTime60-89DaysPastDueNotWorse_log_trim',
       'MonthlyIncome_replaced_log_trim',
       'NumberOfDependents_replaced_log_trim'],
      dtype='object')
2025-09-18 14:17:18,217 - INFO - Outlier has started ............
2025-09-18 14:17:18,217 - INFO - Columns in the train are : Index(['NPA Status_log', 'RevolvingUtilizationOfUnsecuredLines_log', 'age_log',
       'NumberOfTime30-59DaysPastDueNotWorse_log', 'DebtRatio_log',
       'NumberOfOpenCreditLinesAndLoans_log', 'NumberOfTimes90DaysLate_log',
       'NumberRealEstateLoansOrLines_log',
       'NumberOfTime60-89DaysPastDueNotWorse_log',
       'MonthlyIncome_replaced_log', 'NumberOfDependents_replaced_log'],
      dtype='object')
2025-09-18 14:17:18,464 - INFO - Columns in the train are : Index(['NPA Status_log_trim', 'RevolvingUtilizationOfUnsecuredLines_log_trim',
       'age_log_trim', 'NumberOfTime30-59DaysPastDueNotWorse_log_trim',
       'DebtRatio_log_trim', 'NumberOfOpenCreditLinesAndLoans_log_trim',
       'NumberOfTimes90DaysLate_log_trim',
       'NumberRealEstateLoansOrLines_log_trim',
       'NumberOfTime60-89DaysPastDueNotWorse_log_trim',
       'MonthlyIncome_replaced_log_trim',
       'NumberOfDependents_replaced_log_trim'],
      dtype='object')
2025-09-18 14:19:33,096 - INFO - Outlier has started ............
2025-09-18 14:19:33,096 - INFO - Columns in the train are : Index(['NPA Status_log', 'RevolvingUtilizationOfUnsecuredLines_log', 'age_log',
       'NumberOfTime30-59DaysPastDueNotWorse_log', 'DebtRatio_log',
       'NumberOfOpenCreditLinesAndLoans_log', 'NumberOfTimes90DaysLate_log',
       'NumberRealEstateLoansOrLines_log',
       'NumberOfTime60-89DaysPastDueNotWorse_log',
       'MonthlyIncome_replaced_log', 'NumberOfDependents_replaced_log'],
      dtype='object')
2025-09-18 14:19:33,341 - INFO - Columns in the train are : Index(['NPA Status_log_trim', 'RevolvingUtilizationOfUnsecuredLines_log_trim',
       'age_log_trim', 'NumberOfTime30-59DaysPastDueNotWorse_log_trim',
       'DebtRatio_log_trim', 'NumberOfOpenCreditLinesAndLoans_log_trim',
       'NumberOfTimes90DaysLate_log_trim',
       'NumberRealEstateLoansOrLines_log_trim',
       'NumberOfTime60-89DaysPastDueNotWorse_log_trim',
       'MonthlyIncome_replaced_log_trim',
       'NumberOfDependents_replaced_log_trim'],
      dtype='object')
2025-09-18 14:19:57,926 - INFO - Outlier has started ............
2025-09-18 14:19:57,926 - INFO - Columns in the train are : Index(['NPA Status_log', 'RevolvingUtilizationOfUnsecuredLines_log', 'age_log',
       'NumberOfTime30-59DaysPastDueNotWorse_log', 'DebtRatio_log',
       'NumberOfOpenCreditLinesAndLoans_log', 'NumberOfTimes90DaysLate_log',
       'NumberRealEstateLoansOrLines_log',
       'NumberOfTime60-89DaysPastDueNotWorse_log',
       'MonthlyIncome_replaced_log', 'NumberOfDependents_replaced_log'],
      dtype='object')
2025-09-18 14:19:58,151 - INFO - Columns in the train are : Index(['NPA Status_log_trim', 'RevolvingUtilizationOfUnsecuredLines_log_trim',
       'age_log_trim', 'NumberOfTime30-59DaysPastDueNotWorse_log_trim',
       'DebtRatio_log_trim', 'NumberOfOpenCreditLinesAndLoans_log_trim',
       'NumberOfTimes90DaysLate_log_trim',
       'NumberRealEstateLoansOrLines_log_trim',
       'NumberOfTime60-89DaysPastDueNotWorse_log_trim',
       'MonthlyIncome_replaced_log_trim',
       'NumberOfDependents_replaced_log_trim'],
      dtype='object')
2025-09-18 14:23:50,737 - INFO - Outlier has started ............
2025-09-18 14:23:50,737 - INFO - Columns in the train are : Index(['NPA Status_log', 'RevolvingUtilizationOfUnsecuredLines_log', 'age_log',
       'NumberOfTime30-59DaysPastDueNotWorse_log', 'DebtRatio_log',
       'NumberOfOpenCreditLinesAndLoans_log', 'NumberOfTimes90DaysLate_log',
       'NumberRealEstateLoansOrLines_log',
       'NumberOfTime60-89DaysPastDueNotWorse_log',
       'MonthlyIncome_replaced_log', 'NumberOfDependents_replaced_log'],
      dtype='object')
2025-09-18 14:23:51,027 - INFO - Columns in the train are : Index(['NPA Status_log_trim', 'RevolvingUtilizationOfUnsecuredLines_log_trim',
       'age_log_trim', 'NumberOfTime30-59DaysPastDueNotWorse_log_trim',
       'DebtRatio_log_trim', 'NumberOfOpenCreditLinesAndLoans_log_trim',
       'NumberOfTimes90DaysLate_log_trim',
       'NumberRealEstateLoansOrLines_log_trim',
       'NumberOfTime60-89DaysPastDueNotWorse_log_trim',
       'MonthlyIncome_replaced_log_trim',
       'NumberOfDependents_replaced_log_trim'],
      dtype='object')
2025-09-18 14:29:03,831 - INFO - Outlier has started ............
2025-09-18 14:29:03,831 - INFO - Columns in the train are : Index(['NPA Status_log', 'RevolvingUtilizationOfUnsecuredLines_log', 'age_log',
       'NumberOfTime30-59DaysPastDueNotWorse_log', 'DebtRatio_log',
       'NumberOfOpenCreditLinesAndLoans_log', 'NumberOfTimes90DaysLate_log',
       'NumberRealEstateLoansOrLines_log',
       'NumberOfTime60-89DaysPastDueNotWorse_log',
       'MonthlyIncome_replaced_log', 'NumberOfDependents_replaced_log'],
      dtype='object')
2025-09-18 14:29:04,160 - INFO - Columns in the train are : Index(['NPA Status_log_trim', 'RevolvingUtilizationOfUnsecuredLines_log_trim',
       'age_log_trim', 'NumberOfTime30-59DaysPastDueNotWorse_log_trim',
       'DebtRatio_log_trim', 'NumberOfOpenCreditLinesAndLoans_log_trim',
       'NumberOfTimes90DaysLate_log_trim',
       'NumberRealEstateLoansOrLines_log_trim',
       'NumberOfTime60-89DaysPastDueNotWorse_log_trim',
       'MonthlyIncome_replaced_log_trim',
       'NumberOfDependents_replaced_log_trim'],
      dtype='object')
2025-09-18 14:29:43,484 - INFO - Outlier has started ............
2025-09-18 14:29:43,484 - INFO - Columns in the train are : Index(['NPA Status_log', 'RevolvingUtilizationOfUnsecuredLines_log', 'age_log',
       'NumberOfTime30-59DaysPastDueNotWorse_log', 'DebtRatio_log',
       'NumberOfOpenCreditLinesAndLoans_log', 'NumberOfTimes90DaysLate_log',
       'NumberRealEstateLoansOrLines_log',
       'NumberOfTime60-89DaysPastDueNotWorse_log',
       'MonthlyIncome_replaced_log', 'NumberOfDependents_replaced_log'],
      dtype='object')
2025-09-18 14:29:43,763 - INFO - Columns in the train are : Index(['NPA Status_log_trim', 'RevolvingUtilizationOfUnsecuredLines_log_trim',
       'age_log_trim', 'NumberOfTime30-59DaysPastDueNotWorse_log_trim',
       'DebtRatio_log_trim', 'NumberOfOpenCreditLinesAndLoans_log_trim',
       'NumberOfTimes90DaysLate_log_trim',
       'NumberRealEstateLoansOrLines_log_trim',
       'NumberOfTime60-89DaysPastDueNotWorse_log_trim',
       'MonthlyIncome_replaced_log_trim',
       'NumberOfDependents_replaced_log_trim'],
      dtype='object')
2025-09-18 14:30:10,571 - INFO - Outlier has started ............
2025-09-18 14:30:10,571 - INFO - Columns in the train are : Index(['NPA Status_log', 'RevolvingUtilizationOfUnsecuredLines_log', 'age_log',
       'NumberOfTime30-59DaysPastDueNotWorse_log', 'DebtRatio_log',
       'NumberOfOpenCreditLinesAndLoans_log', 'NumberOfTimes90DaysLate_log',
       'NumberRealEstateLoansOrLines_log',
       'NumberOfTime60-89DaysPastDueNotWorse_log',
       'MonthlyIncome_replaced_log', 'NumberOfDependents_replaced_log'],
      dtype='object')
2025-09-18 14:30:10,845 - INFO - Columns in the train are : Index(['NPA Status_log_trim', 'RevolvingUtilizationOfUnsecuredLines_log_trim',
       'age_log_trim', 'NumberOfTime30-59DaysPastDueNotWorse_log_trim',
       'DebtRatio_log_trim', 'NumberOfOpenCreditLinesAndLoans_log_trim',
       'NumberOfTimes90DaysLate_log_trim',
       'NumberRealEstateLoansOrLines_log_trim',
       'NumberOfTime60-89DaysPastDueNotWorse_log_trim',
       'MonthlyIncome_replaced_log_trim',
       'NumberOfDependents_replaced_log_trim'],
      dtype='object')
2025-09-18 14:31:03,456 - INFO - Outlier has started ............
2025-09-18 14:31:03,456 - INFO - Columns in the train are : Index(['NPA Status_log', 'RevolvingUtilizationOfUnsecuredLines_log', 'age_log',
       'NumberOfTime30-59DaysPastDueNotWorse_log', 'DebtRatio_log',
       'NumberOfOpenCreditLinesAndLoans_log', 'NumberOfTimes90DaysLate_log',
       'NumberRealEstateLoansOrLines_log',
       'NumberOfTime60-89DaysPastDueNotWorse_log',
       'MonthlyIncome_replaced_log', 'NumberOfDependents_replaced_log'],
      dtype='object')
2025-09-18 14:31:03,740 - INFO - Columns in the train are : Index(['NPA Status_log_trim', 'RevolvingUtilizationOfUnsecuredLines_log_trim',
       'age_log_trim', 'NumberOfTime30-59DaysPastDueNotWorse_log_trim',
       'DebtRatio_log_trim', 'NumberOfOpenCreditLinesAndLoans_log_trim',
       'NumberOfTimes90DaysLate_log_trim',
       'NumberRealEstateLoansOrLines_log_trim',
       'NumberOfTime60-89DaysPastDueNotWorse_log_trim',
       'MonthlyIncome_replaced_log_trim',
       'NumberOfDependents_replaced_log_trim'],
      dtype='object')
2025-09-18 14:31:59,276 - INFO - Outlier has started ............
2025-09-18 14:31:59,276 - INFO - Columns in the train are : Index(['NPA Status_log', 'RevolvingUtilizationOfUnsecuredLines_log', 'age_log',
       'NumberOfTime30-59DaysPastDueNotWorse_log', 'DebtRatio_log',
       'NumberOfOpenCreditLinesAndLoans_log', 'NumberOfTimes90DaysLate_log',
       'NumberRealEstateLoansOrLines_log',
       'NumberOfTime60-89DaysPastDueNotWorse_log',
       'MonthlyIncome_replaced_log', 'NumberOfDependents_replaced_log'],
      dtype='object')
2025-09-18 14:31:59,549 - INFO - Columns in the train are : Index(['NPA Status_log_trim', 'RevolvingUtilizationOfUnsecuredLines_log_trim',
       'age_log_trim', 'NumberOfTime30-59DaysPastDueNotWorse_log_trim',
       'DebtRatio_log_trim', 'NumberOfOpenCreditLinesAndLoans_log_trim',
       'NumberOfTimes90DaysLate_log_trim',
       'NumberRealEstateLoansOrLines_log_trim',
       'NumberOfTime60-89DaysPastDueNotWorse_log_trim',
       'MonthlyIncome_replaced_log_trim',
       'NumberOfDependents_replaced_log_trim'],
      dtype='object')
2025-09-18 14:32:43,862 - INFO - Outlier has started ............
2025-09-18 14:32:43,862 - INFO - Columns in the train are : Index(['NPA Status_log', 'RevolvingUtilizationOfUnsecuredLines_log', 'age_log',
       'NumberOfTime30-59DaysPastDueNotWorse_log', 'DebtRatio_log',
       'NumberOfOpenCreditLinesAndLoans_log', 'NumberOfTimes90DaysLate_log',
       'NumberRealEstateLoansOrLines_log',
       'NumberOfTime60-89DaysPastDueNotWorse_log',
       'MonthlyIncome_replaced_log', 'NumberOfDependents_replaced_log'],
      dtype='object')
2025-09-18 14:32:44,116 - INFO - Columns in the train are : Index(['NPA Status_log_trim', 'RevolvingUtilizationOfUnsecuredLines_log_trim',
       'age_log_trim', 'NumberOfTime30-59DaysPastDueNotWorse_log_trim',
       'DebtRatio_log_trim', 'NumberOfOpenCreditLinesAndLoans_log_trim',
       'NumberOfTimes90DaysLate_log_trim',
       'NumberRealEstateLoansOrLines_log_trim',
       'NumberOfTime60-89DaysPastDueNotWorse_log_trim',
       'MonthlyIncome_replaced_log_trim',
       'NumberOfDependents_replaced_log_trim'],
      dtype='object')
2025-09-18 14:33:52,165 - INFO - Outlier has started ............
2025-09-18 14:33:52,165 - INFO - Columns in the train are : Index(['NPA Status_log', 'RevolvingUtilizationOfUnsecuredLines_log', 'age_log',
       'NumberOfTime30-59DaysPastDueNotWorse_log', 'DebtRatio_log',
       'NumberOfOpenCreditLinesAndLoans_log', 'NumberOfTimes90DaysLate_log',
       'NumberRealEstateLoansOrLines_log',
       'NumberOfTime60-89DaysPastDueNotWorse_log',
       'MonthlyIncome_replaced_log', 'NumberOfDependents_replaced_log'],
      dtype='object')
2025-09-18 14:33:52,440 - INFO - Columns in the train are : Index(['NPA Status_log_trim', 'RevolvingUtilizationOfUnsecuredLines_log_trim',
       'age_log_trim', 'NumberOfTime30-59DaysPastDueNotWorse_log_trim',
       'DebtRatio_log_trim', 'NumberOfOpenCreditLinesAndLoans_log_trim',
       'NumberOfTimes90DaysLate_log_trim',
       'NumberRealEstateLoansOrLines_log_trim',
       'NumberOfTime60-89DaysPastDueNotWorse_log_trim',
       'MonthlyIncome_replaced_log_trim',
       'NumberOfDependents_replaced_log_trim'],
      dtype='object')
2025-09-18 14:34:47,234 - INFO - Outlier has started ............
2025-09-18 14:34:47,234 - INFO - Columns in the train are : Index(['NPA Status_log', 'RevolvingUtilizationOfUnsecuredLines_log', 'age_log',
       'NumberOfTime30-59DaysPastDueNotWorse_log', 'DebtRatio_log',
       'NumberOfOpenCreditLinesAndLoans_log', 'NumberOfTimes90DaysLate_log',
       'NumberRealEstateLoansOrLines_log',
       'NumberOfTime60-89DaysPastDueNotWorse_log',
       'MonthlyIncome_replaced_log', 'NumberOfDependents_replaced_log'],
      dtype='object')
2025-09-18 14:34:47,508 - INFO - Columns in the train are : Index(['NPA Status_log_trim', 'RevolvingUtilizationOfUnsecuredLines_log_trim',
       'age_log_trim', 'NumberOfTime30-59DaysPastDueNotWorse_log_trim',
       'DebtRatio_log_trim', 'NumberOfOpenCreditLinesAndLoans_log_trim',
       'NumberOfTimes90DaysLate_log_trim',
       'NumberRealEstateLoansOrLines_log_trim',
       'NumberOfTime60-89DaysPastDueNotWorse_log_trim',
       'MonthlyIncome_replaced_log_trim',
       'NumberOfDependents_replaced_log_trim'],
      dtype='object')
2025-09-18 14:35:54,807 - INFO - Outlier has started ............
2025-09-18 14:35:54,807 - INFO - Columns in the train are : Index(['NPA Status_log', 'RevolvingUtilizationOfUnsecuredLines_log', 'age_log',
       'NumberOfTime30-59DaysPastDueNotWorse_log', 'DebtRatio_log',
       'NumberOfOpenCreditLinesAndLoans_log', 'NumberOfTimes90DaysLate_log',
       'NumberRealEstateLoansOrLines_log',
       'NumberOfTime60-89DaysPastDueNotWorse_log',
       'MonthlyIncome_replaced_log', 'NumberOfDependents_replaced_log'],
      dtype='object')
2025-09-18 14:35:55,117 - INFO - Columns in the train are : Index(['NPA Status_log_trim', 'RevolvingUtilizationOfUnsecuredLines_log_trim',
       'age_log_trim', 'NumberOfTime30-59DaysPastDueNotWorse_log_trim',
       'DebtRatio_log_trim', 'NumberOfOpenCreditLinesAndLoans_log_trim',
       'NumberOfTimes90DaysLate_log_trim',
       'NumberRealEstateLoansOrLines_log_trim',
       'NumberOfTime60-89DaysPastDueNotWorse_log_trim',
       'MonthlyIncome_replaced_log_trim',
       'NumberOfDependents_replaced_log_trim'],
      dtype='object')
2025-09-18 14:38:37,430 - INFO - Outlier has started ............
2025-09-18 14:38:37,430 - INFO - Columns in the train are : Index(['NPA Status_log', 'RevolvingUtilizationOfUnsecuredLines_log', 'age_log',
       'NumberOfTime30-59DaysPastDueNotWorse_log', 'DebtRatio_log',
       'NumberOfOpenCreditLinesAndLoans_log', 'NumberOfTimes90DaysLate_log',
       'NumberRealEstateLoansOrLines_log',
       'NumberOfTime60-89DaysPastDueNotWorse_log',
       'MonthlyIncome_replaced_log', 'NumberOfDependents_replaced_log'],
      dtype='object')
2025-09-18 14:38:37,727 - INFO - Columns in the train are : Index(['NPA Status_log_trim', 'RevolvingUtilizationOfUnsecuredLines_log_trim',
       'age_log_trim', 'NumberOfTime30-59DaysPastDueNotWorse_log_trim',
       'DebtRatio_log_trim', 'NumberOfOpenCreditLinesAndLoans_log_trim',
       'NumberOfTimes90DaysLate_log_trim',
       'NumberRealEstateLoansOrLines_log_trim',
       'NumberOfTime60-89DaysPastDueNotWorse_log_trim',
       'MonthlyIncome_replaced_log_trim',
       'NumberOfDependents_replaced_log_trim'],
      dtype='object')
2025-09-18 14:39:31,265 - INFO - Outlier has started ............
2025-09-18 14:39:31,265 - INFO - Columns in the train are : Index(['NPA Status_log', 'RevolvingUtilizationOfUnsecuredLines_log', 'age_log',
       'NumberOfTime30-59DaysPastDueNotWorse_log', 'DebtRatio_log',
       'NumberOfOpenCreditLinesAndLoans_log', 'NumberOfTimes90DaysLate_log',
       'NumberRealEstateLoansOrLines_log',
       'NumberOfTime60-89DaysPastDueNotWorse_log',
       'MonthlyIncome_replaced_log', 'NumberOfDependents_replaced_log'],
      dtype='object')
2025-09-18 14:39:31,543 - INFO - Columns in the train are : Index(['NPA Status_log_trim', 'RevolvingUtilizationOfUnsecuredLines_log_trim',
       'age_log_trim', 'NumberOfTime30-59DaysPastDueNotWorse_log_trim',
       'DebtRatio_log_trim', 'NumberOfOpenCreditLinesAndLoans_log_trim',
       'NumberOfTimes90DaysLate_log_trim',
       'NumberRealEstateLoansOrLines_log_trim',
       'NumberOfTime60-89DaysPastDueNotWorse_log_trim',
       'MonthlyIncome_replaced_log_trim',
       'NumberOfDependents_replaced_log_trim'],
      dtype='object')
2025-09-18 14:40:22,737 - INFO - Outlier has started ............
2025-09-18 14:40:22,737 - INFO - Columns in the train are : Index(['NPA Status_log', 'RevolvingUtilizationOfUnsecuredLines_log', 'age_log',
       'NumberOfTime30-59DaysPastDueNotWorse_log', 'DebtRatio_log',
       'NumberOfOpenCreditLinesAndLoans_log', 'NumberOfTimes90DaysLate_log',
       'NumberRealEstateLoansOrLines_log',
       'NumberOfTime60-89DaysPastDueNotWorse_log',
       'MonthlyIncome_replaced_log', 'NumberOfDependents_replaced_log'],
      dtype='object')
2025-09-18 14:40:23,009 - INFO - Columns in the train are : Index(['NPA Status_log_trim', 'RevolvingUtilizationOfUnsecuredLines_log_trim',
       'age_log_trim', 'NumberOfTime30-59DaysPastDueNotWorse_log_trim',
       'DebtRatio_log_trim', 'NumberOfOpenCreditLinesAndLoans_log_trim',
       'NumberOfTimes90DaysLate_log_trim',
       'NumberRealEstateLoansOrLines_log_trim',
       'NumberOfTime60-89DaysPastDueNotWorse_log_trim',
       'MonthlyIncome_replaced_log_trim',
       'NumberOfDependents_replaced_log_trim'],
      dtype='object')
