2025-09-16 23:43:25,169 - INFO - After triming column names:Index(['NPA Status_log', 'RevolvingUtilizationOfUnsecuredLines_log', 'age_log',
       'NumberOfTime30-59DaysPastDueNotWorse_log', 'DebtRatio_log',
       'NumberOfOpenCreditLinesAndLoans_log', 'NumberOfTimes90DaysLate_log',
       'NumberRealEstateLoansOrLines_log',
       'NumberOfTime60-89DaysPastDueNotWorse_log',
       'MonthlyIncome_replaced_log', 'NumberOfDependents_replaced_log',
       'NPA Status_log_trim', 'RevolvingUtilizationOfUnsecuredLines_log_trim',
       'age_log_trim', 'NumberOfTime30-59DaysPastDueNotWorse_log_trim',
       'DebtRatio_log_trim', 'NumberOfOpenCreditLinesAndLoans_log_trim',
       'NumberOfTimes90DaysLate_log_trim',
       'NumberRealEstateLoansOrLines_log_trim',
       'NumberOfTime60-89DaysPastDueNotWorse_log_trim',
       'MonthlyIncome_replaced_log_trim',
       'NumberOfDependents_replaced_log_trim'],
      dtype='object')
2025-09-16 23:43:25,169 - INFO - After triming column names:Index(['NPA Status_log', 'RevolvingUtilizationOfUnsecuredLines_log', 'age_log',
       'NumberOfTime30-59DaysPastDueNotWorse_log', 'DebtRatio_log',
       'NumberOfOpenCreditLinesAndLoans_log', 'NumberOfTimes90DaysLate_log',
       'NumberRealEstateLoansOrLines_log',
       'NumberOfTime60-89DaysPastDueNotWorse_log',
       'MonthlyIncome_replaced_log', 'NumberOfDependents_replaced_log',
       'NPA Status_log_trim', 'RevolvingUtilizationOfUnsecuredLines_log_trim',
       'age_log_trim', 'NumberOfTime30-59DaysPastDueNotWorse_log_trim',
       'DebtRatio_log_trim', 'NumberOfOpenCreditLinesAndLoans_log_trim',
       'NumberOfTimes90DaysLate_log_trim',
       'NumberRealEstateLoansOrLines_log_trim',
       'NumberOfTime60-89DaysPastDueNotWorse_log_trim',
       'MonthlyIncome_replaced_log_trim',
       'NumberOfDependents_replaced_log_trim'],
      dtype='object')
2025-09-16 23:48:25,870 - INFO - After triming column names:Index(['NPA Status_log', 'RevolvingUtilizationOfUnsecuredLines_log', 'age_log',
       'NumberOfTime30-59DaysPastDueNotWorse_log', 'DebtRatio_log',
       'NumberOfOpenCreditLinesAndLoans_log', 'NumberOfTimes90DaysLate_log',
       'NumberRealEstateLoansOrLines_log',
       'NumberOfTime60-89DaysPastDueNotWorse_log',
       'MonthlyIncome_replaced_log', 'NumberOfDependents_replaced_log',
       'NPA Status_log_trim', 'RevolvingUtilizationOfUnsecuredLines_log_trim',
       'age_log_trim', 'NumberOfTime30-59DaysPastDueNotWorse_log_trim',
       'DebtRatio_log_trim', 'NumberOfOpenCreditLinesAndLoans_log_trim',
       'NumberOfTimes90DaysLate_log_trim',
       'NumberRealEstateLoansOrLines_log_trim',
       'NumberOfTime60-89DaysPastDueNotWorse_log_trim',
       'MonthlyIncome_replaced_log_trim',
       'NumberOfDependents_replaced_log_trim'],
      dtype='object')
2025-09-16 23:48:25,878 - INFO - After triming column names:Index(['NPA Status_log', 'RevolvingUtilizationOfUnsecuredLines_log', 'age_log',
       'NumberOfTime30-59DaysPastDueNotWorse_log', 'DebtRatio_log',
       'NumberOfOpenCreditLinesAndLoans_log', 'NumberOfTimes90DaysLate_log',
       'NumberRealEstateLoansOrLines_log',
       'NumberOfTime60-89DaysPastDueNotWorse_log',
       'MonthlyIncome_replaced_log', 'NumberOfDependents_replaced_log',
       'NPA Status_log_trim', 'RevolvingUtilizationOfUnsecuredLines_log_trim',
       'age_log_trim', 'NumberOfTime30-59DaysPastDueNotWorse_log_trim',
       'DebtRatio_log_trim', 'NumberOfOpenCreditLinesAndLoans_log_trim',
       'NumberOfTimes90DaysLate_log_trim',
       'NumberRealEstateLoansOrLines_log_trim',
       'NumberOfTime60-89DaysPastDueNotWorse_log_trim',
       'MonthlyIncome_replaced_log_trim',
       'NumberOfDependents_replaced_log_trim'],
      dtype='object')
2025-09-16 23:52:12,612 - INFO - After triming column names:Index(['NPA Status_log', 'RevolvingUtilizationOfUnsecuredLines_log', 'age_log',
       'NumberOfTime30-59DaysPastDueNotWorse_log', 'DebtRatio_log',
       'NumberOfOpenCreditLinesAndLoans_log', 'NumberOfTimes90DaysLate_log',
       'NumberRealEstateLoansOrLines_log',
       'NumberOfTime60-89DaysPastDueNotWorse_log',
       'MonthlyIncome_replaced_log', 'NumberOfDependents_replaced_log',
       'NPA Status_log_trim', 'RevolvingUtilizationOfUnsecuredLines_log_trim',
       'age_log_trim', 'NumberOfTime30-59DaysPastDueNotWorse_log_trim',
       'DebtRatio_log_trim', 'NumberOfOpenCreditLinesAndLoans_log_trim',
       'NumberOfTimes90DaysLate_log_trim',
       'NumberRealEstateLoansOrLines_log_trim',
       'NumberOfTime60-89DaysPastDueNotWorse_log_trim',
       'MonthlyIncome_replaced_log_trim',
       'NumberOfDependents_replaced_log_trim'],
      dtype='object')
2025-09-16 23:52:12,612 - INFO - After triming column names:Index(['NPA Status_log', 'RevolvingUtilizationOfUnsecuredLines_log', 'age_log',
       'NumberOfTime30-59DaysPastDueNotWorse_log', 'DebtRatio_log',
       'NumberOfOpenCreditLinesAndLoans_log', 'NumberOfTimes90DaysLate_log',
       'NumberRealEstateLoansOrLines_log',
       'NumberOfTime60-89DaysPastDueNotWorse_log',
       'MonthlyIncome_replaced_log', 'NumberOfDependents_replaced_log',
       'NPA Status_log_trim', 'RevolvingUtilizationOfUnsecuredLines_log_trim',
       'age_log_trim', 'NumberOfTime30-59DaysPastDueNotWorse_log_trim',
       'DebtRatio_log_trim', 'NumberOfOpenCreditLinesAndLoans_log_trim',
       'NumberOfTimes90DaysLate_log_trim',
       'NumberRealEstateLoansOrLines_log_trim',
       'NumberOfTime60-89DaysPastDueNotWorse_log_trim',
       'MonthlyIncome_replaced_log_trim',
       'NumberOfDependents_replaced_log_trim'],
      dtype='object')
2025-09-16 23:53:26,067 - INFO - After triming column names:Index(['NPA Status_log', 'RevolvingUtilizationOfUnsecuredLines_log', 'age_log',
       'NumberOfTime30-59DaysPastDueNotWorse_log', 'DebtRatio_log',
       'NumberOfOpenCreditLinesAndLoans_log', 'NumberOfTimes90DaysLate_log',
       'NumberRealEstateLoansOrLines_log',
       'NumberOfTime60-89DaysPastDueNotWorse_log',
       'MonthlyIncome_replaced_log', 'NumberOfDependents_replaced_log',
       'NPA Status_log_trim', 'RevolvingUtilizationOfUnsecuredLines_log_trim',
       'age_log_trim', 'NumberOfTime30-59DaysPastDueNotWorse_log_trim',
       'DebtRatio_log_trim', 'NumberOfOpenCreditLinesAndLoans_log_trim',
       'NumberOfTimes90DaysLate_log_trim',
       'NumberRealEstateLoansOrLines_log_trim',
       'NumberOfTime60-89DaysPastDueNotWorse_log_trim',
       'MonthlyIncome_replaced_log_trim',
       'NumberOfDependents_replaced_log_trim'],
      dtype='object')
2025-09-16 23:53:26,067 - INFO - After triming column names:Index(['NPA Status_log', 'RevolvingUtilizationOfUnsecuredLines_log', 'age_log',
       'NumberOfTime30-59DaysPastDueNotWorse_log', 'DebtRatio_log',
       'NumberOfOpenCreditLinesAndLoans_log', 'NumberOfTimes90DaysLate_log',
       'NumberRealEstateLoansOrLines_log',
       'NumberOfTime60-89DaysPastDueNotWorse_log',
       'MonthlyIncome_replaced_log', 'NumberOfDependents_replaced_log',
       'NPA Status_log_trim', 'RevolvingUtilizationOfUnsecuredLines_log_trim',
       'age_log_trim', 'NumberOfTime30-59DaysPastDueNotWorse_log_trim',
       'DebtRatio_log_trim', 'NumberOfOpenCreditLinesAndLoans_log_trim',
       'NumberOfTimes90DaysLate_log_trim',
       'NumberRealEstateLoansOrLines_log_trim',
       'NumberOfTime60-89DaysPastDueNotWorse_log_trim',
       'MonthlyIncome_replaced_log_trim',
       'NumberOfDependents_replaced_log_trim'],
      dtype='object')
2025-09-16 23:57:31,785 - INFO - After triming column names:Index(['NPA Status_log', 'RevolvingUtilizationOfUnsecuredLines_log', 'age_log',
       'NumberOfTime30-59DaysPastDueNotWorse_log', 'DebtRatio_log',
       'NumberOfOpenCreditLinesAndLoans_log', 'NumberOfTimes90DaysLate_log',
       'NumberRealEstateLoansOrLines_log',
       'NumberOfTime60-89DaysPastDueNotWorse_log',
       'MonthlyIncome_replaced_log', 'NumberOfDependents_replaced_log',
       'NPA Status_log_trim', 'RevolvingUtilizationOfUnsecuredLines_log_trim',
       'age_log_trim', 'NumberOfTime30-59DaysPastDueNotWorse_log_trim',
       'DebtRatio_log_trim', 'NumberOfOpenCreditLinesAndLoans_log_trim',
       'NumberOfTimes90DaysLate_log_trim',
       'NumberRealEstateLoansOrLines_log_trim',
       'NumberOfTime60-89DaysPastDueNotWorse_log_trim',
       'MonthlyIncome_replaced_log_trim',
       'NumberOfDependents_replaced_log_trim'],
      dtype='object')
2025-09-16 23:57:31,785 - INFO - After triming column names:Index(['NPA Status_log', 'RevolvingUtilizationOfUnsecuredLines_log', 'age_log',
       'NumberOfTime30-59DaysPastDueNotWorse_log', 'DebtRatio_log',
       'NumberOfOpenCreditLinesAndLoans_log', 'NumberOfTimes90DaysLate_log',
       'NumberRealEstateLoansOrLines_log',
       'NumberOfTime60-89DaysPastDueNotWorse_log',
       'MonthlyIncome_replaced_log', 'NumberOfDependents_replaced_log',
       'NPA Status_log_trim', 'RevolvingUtilizationOfUnsecuredLines_log_trim',
       'age_log_trim', 'NumberOfTime30-59DaysPastDueNotWorse_log_trim',
       'DebtRatio_log_trim', 'NumberOfOpenCreditLinesAndLoans_log_trim',
       'NumberOfTimes90DaysLate_log_trim',
       'NumberRealEstateLoansOrLines_log_trim',
       'NumberOfTime60-89DaysPastDueNotWorse_log_trim',
       'MonthlyIncome_replaced_log_trim',
       'NumberOfDependents_replaced_log_trim'],
      dtype='object')
2025-09-17 00:06:09,442 - INFO - After triming column names:Index(['NPA Status_log', 'RevolvingUtilizationOfUnsecuredLines_log', 'age_log',
       'NumberOfTime30-59DaysPastDueNotWorse_log', 'DebtRatio_log',
       'NumberOfOpenCreditLinesAndLoans_log', 'NumberOfTimes90DaysLate_log',
       'NumberRealEstateLoansOrLines_log',
       'NumberOfTime60-89DaysPastDueNotWorse_log',
       'MonthlyIncome_replaced_log', 'NumberOfDependents_replaced_log',
       'NPA Status_log_trim', 'RevolvingUtilizationOfUnsecuredLines_log_trim',
       'age_log_trim', 'NumberOfTime30-59DaysPastDueNotWorse_log_trim',
       'DebtRatio_log_trim', 'NumberOfOpenCreditLinesAndLoans_log_trim',
       'NumberOfTimes90DaysLate_log_trim',
       'NumberRealEstateLoansOrLines_log_trim',
       'NumberOfTime60-89DaysPastDueNotWorse_log_trim',
       'MonthlyIncome_replaced_log_trim',
       'NumberOfDependents_replaced_log_trim'],
      dtype='object')
2025-09-17 00:06:09,442 - INFO - After triming column names:Index(['NPA Status_log', 'RevolvingUtilizationOfUnsecuredLines_log', 'age_log',
       'NumberOfTime30-59DaysPastDueNotWorse_log', 'DebtRatio_log',
       'NumberOfOpenCreditLinesAndLoans_log', 'NumberOfTimes90DaysLate_log',
       'NumberRealEstateLoansOrLines_log',
       'NumberOfTime60-89DaysPastDueNotWorse_log',
       'MonthlyIncome_replaced_log', 'NumberOfDependents_replaced_log',
       'NPA Status_log_trim', 'RevolvingUtilizationOfUnsecuredLines_log_trim',
       'age_log_trim', 'NumberOfTime30-59DaysPastDueNotWorse_log_trim',
       'DebtRatio_log_trim', 'NumberOfOpenCreditLinesAndLoans_log_trim',
       'NumberOfTimes90DaysLate_log_trim',
       'NumberRealEstateLoansOrLines_log_trim',
       'NumberOfTime60-89DaysPastDueNotWorse_log_trim',
       'MonthlyIncome_replaced_log_trim',
       'NumberOfDependents_replaced_log_trim'],
      dtype='object')
2025-09-17 00:10:14,239 - INFO - After triming column names:Index(['NPA Status_log', 'RevolvingUtilizationOfUnsecuredLines_log', 'age_log',
       'NumberOfTime30-59DaysPastDueNotWorse_log', 'DebtRatio_log',
       'NumberOfOpenCreditLinesAndLoans_log', 'NumberOfTimes90DaysLate_log',
       'NumberRealEstateLoansOrLines_log',
       'NumberOfTime60-89DaysPastDueNotWorse_log',
       'MonthlyIncome_replaced_log', 'NumberOfDependents_replaced_log',
       'NPA Status_log_trim', 'RevolvingUtilizationOfUnsecuredLines_log_trim',
       'age_log_trim', 'NumberOfTime30-59DaysPastDueNotWorse_log_trim',
       'DebtRatio_log_trim', 'NumberOfOpenCreditLinesAndLoans_log_trim',
       'NumberOfTimes90DaysLate_log_trim',
       'NumberRealEstateLoansOrLines_log_trim',
       'NumberOfTime60-89DaysPastDueNotWorse_log_trim',
       'MonthlyIncome_replaced_log_trim',
       'NumberOfDependents_replaced_log_trim'],
      dtype='object')
2025-09-17 00:10:14,239 - INFO - After triming column names:Index(['NPA Status_log', 'RevolvingUtilizationOfUnsecuredLines_log', 'age_log',
       'NumberOfTime30-59DaysPastDueNotWorse_log', 'DebtRatio_log',
       'NumberOfOpenCreditLinesAndLoans_log', 'NumberOfTimes90DaysLate_log',
       'NumberRealEstateLoansOrLines_log',
       'NumberOfTime60-89DaysPastDueNotWorse_log',
       'MonthlyIncome_replaced_log', 'NumberOfDependents_replaced_log',
       'NPA Status_log_trim', 'RevolvingUtilizationOfUnsecuredLines_log_trim',
       'age_log_trim', 'NumberOfTime30-59DaysPastDueNotWorse_log_trim',
       'DebtRatio_log_trim', 'NumberOfOpenCreditLinesAndLoans_log_trim',
       'NumberOfTimes90DaysLate_log_trim',
       'NumberRealEstateLoansOrLines_log_trim',
       'NumberOfTime60-89DaysPastDueNotWorse_log_trim',
       'MonthlyIncome_replaced_log_trim',
       'NumberOfDependents_replaced_log_trim'],
      dtype='object')
2025-09-17 00:12:50,305 - INFO - After triming column names:Index(['NPA Status_log', 'RevolvingUtilizationOfUnsecuredLines_log', 'age_log',
       'NumberOfTime30-59DaysPastDueNotWorse_log', 'DebtRatio_log',
       'NumberOfOpenCreditLinesAndLoans_log', 'NumberOfTimes90DaysLate_log',
       'NumberRealEstateLoansOrLines_log',
       'NumberOfTime60-89DaysPastDueNotWorse_log',
       'MonthlyIncome_replaced_log', 'NumberOfDependents_replaced_log',
       'NPA Status_log_trim', 'RevolvingUtilizationOfUnsecuredLines_log_trim',
       'age_log_trim', 'NumberOfTime30-59DaysPastDueNotWorse_log_trim',
       'DebtRatio_log_trim', 'NumberOfOpenCreditLinesAndLoans_log_trim',
       'NumberOfTimes90DaysLate_log_trim',
       'NumberRealEstateLoansOrLines_log_trim',
       'NumberOfTime60-89DaysPastDueNotWorse_log_trim',
       'MonthlyIncome_replaced_log_trim',
       'NumberOfDependents_replaced_log_trim'],
      dtype='object')
2025-09-17 00:12:50,306 - INFO - After triming column names:Index(['NPA Status_log', 'RevolvingUtilizationOfUnsecuredLines_log', 'age_log',
       'NumberOfTime30-59DaysPastDueNotWorse_log', 'DebtRatio_log',
       'NumberOfOpenCreditLinesAndLoans_log', 'NumberOfTimes90DaysLate_log',
       'NumberRealEstateLoansOrLines_log',
       'NumberOfTime60-89DaysPastDueNotWorse_log',
       'MonthlyIncome_replaced_log', 'NumberOfDependents_replaced_log',
       'NPA Status_log_trim', 'RevolvingUtilizationOfUnsecuredLines_log_trim',
       'age_log_trim', 'NumberOfTime30-59DaysPastDueNotWorse_log_trim',
       'DebtRatio_log_trim', 'NumberOfOpenCreditLinesAndLoans_log_trim',
       'NumberOfTimes90DaysLate_log_trim',
       'NumberRealEstateLoansOrLines_log_trim',
       'NumberOfTime60-89DaysPastDueNotWorse_log_trim',
       'MonthlyIncome_replaced_log_trim',
       'NumberOfDependents_replaced_log_trim'],
      dtype='object')
2025-09-17 08:29:54,516 - INFO - After triming column names:Index(['NPA Status_log', 'RevolvingUtilizationOfUnsecuredLines_log', 'age_log',
       'NumberOfTime30-59DaysPastDueNotWorse_log', 'DebtRatio_log',
       'NumberOfOpenCreditLinesAndLoans_log', 'NumberOfTimes90DaysLate_log',
       'NumberRealEstateLoansOrLines_log',
       'NumberOfTime60-89DaysPastDueNotWorse_log',
       'MonthlyIncome_replaced_log', 'NumberOfDependents_replaced_log',
       'NPA Status_log_trim', 'RevolvingUtilizationOfUnsecuredLines_log_trim',
       'age_log_trim', 'NumberOfTime30-59DaysPastDueNotWorse_log_trim',
       'DebtRatio_log_trim', 'NumberOfOpenCreditLinesAndLoans_log_trim',
       'NumberOfTimes90DaysLate_log_trim',
       'NumberRealEstateLoansOrLines_log_trim',
       'NumberOfTime60-89DaysPastDueNotWorse_log_trim',
       'MonthlyIncome_replaced_log_trim',
       'NumberOfDependents_replaced_log_trim'],
      dtype='object')
2025-09-17 08:29:54,518 - INFO - After triming column names:Index(['NPA Status_log', 'RevolvingUtilizationOfUnsecuredLines_log', 'age_log',
       'NumberOfTime30-59DaysPastDueNotWorse_log', 'DebtRatio_log',
       'NumberOfOpenCreditLinesAndLoans_log', 'NumberOfTimes90DaysLate_log',
       'NumberRealEstateLoansOrLines_log',
       'NumberOfTime60-89DaysPastDueNotWorse_log',
       'MonthlyIncome_replaced_log', 'NumberOfDependents_replaced_log',
       'NPA Status_log_trim', 'RevolvingUtilizationOfUnsecuredLines_log_trim',
       'age_log_trim', 'NumberOfTime30-59DaysPastDueNotWorse_log_trim',
       'DebtRatio_log_trim', 'NumberOfOpenCreditLinesAndLoans_log_trim',
       'NumberOfTimes90DaysLate_log_trim',
       'NumberRealEstateLoansOrLines_log_trim',
       'NumberOfTime60-89DaysPastDueNotWorse_log_trim',
       'MonthlyIncome_replaced_log_trim',
       'NumberOfDependents_replaced_log_trim'],
      dtype='object')
